Mon Aug 25 04:53:09.526 [initandlisten] MongoDB starting : pid=10500 port=27017 dbpath=/home/action/server/db 64-bit host=perlbox-mach3-135866
Mon Aug 25 04:53:09.526 [initandlisten] db version v2.4.9
Mon Aug 25 04:53:09.526 [initandlisten] git version: 52fe0d21959e32a5bdbecdc62057db386e4e029c
Mon Aug 25 04:53:09.526 [initandlisten] build info: Linux ip-10-2-29-40 2.6.21.7-2.ec2.v1.2.fc8xen #1 SMP Fri Nov 20 17:48:28 EST 2009 x86_64 BOOST_LIB_VERSION=1_49
Mon Aug 25 04:53:09.526 [initandlisten] allocator: tcmalloc
Mon Aug 25 04:53:09.526 [initandlisten] options: { dbpath: "/home/action/server/db", logpath: "/home/action/server/log/mongod.log", smallfiles: true }
Mon Aug 25 04:53:09.544 [initandlisten] journal dir=/home/action/server/db/journal
Mon Aug 25 04:53:09.544 [initandlisten] recover : no journal files present, no recovery needed
Mon Aug 25 04:53:09.565 [websvr] admin web console waiting for connections on port 28017
Mon Aug 25 04:53:09.565 [initandlisten] waiting for connections on port 27017
Mon Aug 25 04:53:46.084 [signalProcessingThread] got signal 2 (Interrupt), will terminate after current cmd ends
Mon Aug 25 04:53:46.084 [signalProcessingThread] now exiting
Mon Aug 25 04:53:46.084 dbexit: 
Mon Aug 25 04:53:46.084 [signalProcessingThread] shutdown: going to close listening sockets...
Mon Aug 25 04:53:46.084 [signalProcessingThread] closing listening socket: 9
Mon Aug 25 04:53:46.084 [signalProcessingThread] closing listening socket: 10
Mon Aug 25 04:53:46.084 [signalProcessingThread] closing listening socket: 11
Mon Aug 25 04:53:46.084 [signalProcessingThread] removing socket file: /tmp/mongodb-27017.sock
Mon Aug 25 04:53:46.085 [signalProcessingThread] shutdown: going to flush diaglog...
Mon Aug 25 04:53:46.085 [signalProcessingThread] shutdown: going to close sockets...
Mon Aug 25 04:53:46.085 [signalProcessingThread] shutdown: waiting for fs preallocator...
Mon Aug 25 04:53:46.085 [signalProcessingThread] shutdown: lock for final commit...
Mon Aug 25 04:53:46.085 [signalProcessingThread] shutdown: final commit...
Mon Aug 25 04:53:46.093 [signalProcessingThread] shutdown: closing all files...
Mon Aug 25 04:53:46.093 [signalProcessingThread] closeAllFiles() finished
Mon Aug 25 04:53:46.093 [signalProcessingThread] journalCleanup...
Mon Aug 25 04:53:46.093 [signalProcessingThread] removeJournalFiles
Mon Aug 25 04:53:46.109 [signalProcessingThread] shutdown: removing fs lock...
Mon Aug 25 04:53:46.109 dbexit: really exiting now
